-------------------------------------------------------------------------------
Test set: Expenses Module: Testing main functionalities for smoke test
-------------------------------------------------------------------------------
Tests run: 3, Failures: 0, Errors: 1, Skipped: 0, Time elapsed: 70.75 s <<< FAILURE! - in Expenses Module: Testing main functionalities for smoke test
As a user I should be able to Approve any submitted entries(Expenses Module: Testing main functionalities for smoke test)  Time elapsed: 22.751 s  <<< ERROR!
org.openqa.selenium.NoSuchElementException: 
no such element: Unable to locate element: {"method":"xpath","selector":"//table[@class='o_list_view table table-condensed table-striped o_list_view_ungrouped']/tbody/tr[2]/td[6]"}
  (Session info: chrome=80.0.3987.122)
For documentation on this error, please visit: https://www.seleniumhq.org/exceptions/no_such_element.html
Build info: version: '3.141.59', revision: 'e82be7d358', time: '2018-11-14T08:17:03'
System info: host: 'DESKTOP-5QB1BJR', ip: '10.1.10.245', os.name: 'Windows 10', os.arch: 'amd64', os.version: '10.0', java.version: '13.0.1'
Driver info: org.openqa.selenium.chrome.ChromeDriver
Capabilities {acceptInsecureCerts: false, browserName: chrome, browserVersion: 80.0.3987.122, chrome: {chromedriverVersion: 80.0.3987.106 (f68069574609..., userDataDir: C:\Users\ARIF-B~1\AppData\L...}, goog:chromeOptions: {debuggerAddress: localhost:55713}, javascriptEnabled: true, networkConnectionEnabled: false, pageLoadStrategy: normal, platform: WINDOWS, platformName: WINDOWS, proxy: Proxy(), setWindowRect: true, strictFileInteractability: false, timeouts: {implicit: 0, pageLoad: 300000, script: 30000}, unhandledPromptBehavior: dismiss and notify}
Session ID: 6e387d1bcb947a9fdee77a6ba45645f6
*** Element info: {Using=xpath, value=//table[@class='o_list_view table table-condensed table-striped o_list_view_ungrouped']/tbody/tr[2]/td[6]}

